Starting from step 0
Training for 4001 steps
10 29.74022388458252
20 51.4959499835968
30 73.32174372673035
40 94.60463905334473
50 119.85432505607605
60 142.14287734031677
70 163.65424633026123
80 185.2704303264618
90 205.63313221931458
100 230.16798305511475
110 251.14014506340027
120 273.22813868522644
130 295.0577440261841
140 321.08882904052734
150 342.83889150619507
160 364.527286529541
170 386.0811309814453
180 406.8659074306488
190 431.6551206111908
200 453.65896582603455
210 475.407372713089
220 496.01845717430115
230 516.465903043747
240 541.5719556808472
250 563.2493250370026
260 585.3285222053528
270 606.4211828708649
280 631.5362961292267
290 653.248654127121
300 Loss: 451.77
In Logging <wandb.sdk.wandb_run.Run object at 0x7f30283d16a0> 0
300 679.510272026062
Traceback (most recent call last):
  File "/opt/conda/envs/pytorch/lib/python3.9/site-packages/torch/serialization.py", line 379, in save
    _save(obj, opened_zipfile, pickle_module, pickle_protocol)
  File "/opt/conda/envs/pytorch/lib/python3.9/site-packages/torch/serialization.py", line 604, in _save
    zip_file.write_record(name, storage.data_ptr(), num_bytes)
OSError: [Errno 28] No space left on device
During handling of the above exception, another exception occurred:
Traceback (most recent call last):
  File "/home/ec2-user/attribute_probe/clip_src/training_scripts/CLIP_text_image_concat/train_clip_text_image_concat.py", line 390, in <module>
    trainer.train()
  File "/home/ec2-user/attribute_probe/clip_src/training_scripts/trainer.py", line 89, in train
    torch.save({
  File "/opt/conda/envs/pytorch/lib/python3.9/site-packages/torch/serialization.py", line 380, in save
    return
  File "/opt/conda/envs/pytorch/lib/python3.9/site-packages/torch/serialization.py", line 259, in __exit__
    self.file_like.write_end_of_file()
RuntimeError: [enforce fail at inline_container.cc:319] . unexpected pos 995208960 vs 995208852