Starting from step 0
Training for 4001 steps
10 28.95077657699585
20 49.65601468086243
30 70.52439141273499
40 90.58651399612427
50 114.2082166671753
60 134.17116856575012
70 154.56349563598633
80 174.59730887413025
90 193.8956663608551
100 216.8198757171631
110 236.39032745361328
120 256.6636679172516
130 276.536926984787
140 299.24992322921753
150 319.5929546356201
160 339.30252742767334
170 359.6330018043518
180 379.1634521484375

190 401.98034954071045
200 421.88907766342163
210 441.6871540546417
220 461.68052864074707
230 481.03262186050415
240 504.6335017681122
250 524.483544588089

260 544.1514120101929
270 563.9870293140411
280 587.9183049201965
290 607.8688127994537
300 Loss: 450.76
In Logging <wandb.sdk.wandb_run.Run object at 0x7fd5e555cee0> 0
300 630.949590921402
In Logging <wandb.sdk.wandb_run.Run object at 0x7fd5e555cee0> 0
logging
310 696.966326713562
320 716.4890599250793
330 739.8950190544128
340 760.2685642242432
350 780.1519961357117
360 799.9623394012451
370 823.5132369995117
380 843.9118990898132
390 863.8713135719299
400 883.853542804718
410 903.5250782966614
420 926.4625146389008
430 946.4328854084015
440 966.890721321106
450 987.2215061187744
460 1006.8371045589447
470 1030.8954668045044
480 1050.7092554569244
490 1071.0763261318207
500 1091.004453420639
510 1115.0296878814697
520 1135.4188771247864
530 1155.9021136760712
540 1176.052052974701
550 1195.6621100902557
560 1219.5607588291168
570 1239.6095659732819
580 1259.5771777629852
590 1279.6377749443054
600 Loss: 255.11
In Logging <wandb.sdk.wandb_run.Run object at 0x7fd5e555cee0> 0
600 1307.529488325119
In Logging <wandb.sdk.wandb_run.Run object at 0x7fd5e555cee0> 0
logging
610 1396.7106447219849
620 1417.0728032588959
630 1437.2817299365997
640 1456.6942763328552
650 1480.6326913833618
660 1500.7947685718536
670 1521.1372828483582
680 1541.502418756485
690 1560.892460346222
700 1584.9293541908264
710 1605.332691669464
720 1625.4886059761047
730 1645.1177763938904
740 1668.8741836547852
750 1688.7003786563873
760 1708.8315556049347
770 1729.1409902572632
780 1748.535921573639
790 1771.8758263587952
800 1791.8967657089233
810 1811.948123216629
820 1831.8650200366974
830 1854.6398222446442
840 1874.6403076648712
850 1894.5060920715332
860 1914.8289139270782
870 1934.4426147937775
880 1958.201533794403
890 1978.0167446136475
900 Loss: 243.4
In Logging <wandb.sdk.wandb_run.Run object at 0x7fd5e555cee0> 0
900 2001.547125339508
In Logging <wandb.sdk.wandb_run.Run object at 0x7fd5e555cee0> 0
logging
910 2090.399943113327
920 2109.840924978256
930 2133.1041383743286
940 2152.856358528137
950 2172.521587371826

960 2192.0985794067383
970 2215.75985622406
980 2235.7956988811493
990 2255.744240999222
1000 2275.3907754421234
1010 2294.7731924057007
1020 2318.445913553238
1030 2338.827710866928
1040 2358.9524149894714
1050 2378.603015422821
1060 2402.1330859661102
1070 2422.4283950328827
1080 2442.577893972397
1090 2462.7508730888367
1100 2482.3926100730896
1110 2505.8870737552643
1120 2526.189642906189
1130 2546.354051589966
1140 2566.7480030059814
1150 2586.1690142154694
1160 2610.1333713531494
1170 2630.0721538066864
1180 2649.9914712905884
1190 2669.6497600078583
1200 Loss: 237.32
In Logging <wandb.sdk.wandb_run.Run object at 0x7fd5e555cee0> 0
1200 2696.2811727523804
In Logging <wandb.sdk.wandb_run.Run object at 0x7fd5e555cee0> 0
logging
1210 2761.5095064640045
1220 2781.735239505768
1230 2801.4304139614105
1240 2820.6748538017273
1250 2843.85923576355
1260 2864.0539894104004
1270 2884.290237426758
1280 2904.085590839386
1290 2927.42781662941
1300 2947.9942715168
1310 2968.4032847881317
1320 2988.5823867321014
1330 3008.10085272789
1340 3032.1176388263702
1350 3052.322316646576
1360 3072.7612867355347
1370 3092.9607713222504
1380 3112.2985587120056
1390 3135.9402108192444
1400 3156.23078584671
1410 3176.19872546196
1420 3196.0982036590576
1430 3219.8870010375977
1440 3239.8331344127655
1450 3260.138243675232
1460 3280.2184233665466
1470 3299.660820007324
1480 3323.6243166923523
1490 3343.911559343338
1500 Loss: 232.74
In Logging <wandb.sdk.wandb_run.Run object at 0x7fd5e555cee0> 0
1500 3366.987722158432
In Logging <wandb.sdk.wandb_run.Run object at 0x7fd5e555cee0> 0
logging
1510 3455.9338104724884
1520 3479.4016947746277
1530 3499.5327327251434
1540 3520.0101387500763
1550 3540.24315905571
1560 3559.9722559452057

1570 3583.7540316581726
1580 3604.1567709445953
1590 3624.2906126976013
1600 3644.6169471740723
1610 3663.9909558296204
1620 3687.4756944179535
1630 3707.347911119461
1640 3726.9938032627106
1650 3746.543205499649
1660 3769.9980800151825
1670 3789.9283130168915
1680 3810.135684490204
1690 3830.1272485256195
1700 3849.613648414612
1710 3873.536962747574
1720 3893.8831391334534
1730 3913.9712584018707
1740 3933.938421726227
1750 3957.4046971797943
1760 3977.409225463867

1770 3997.7560482025146
1780 4018.213312149048
1790 4037.832966566086
1800 Loss: 229.01
In Logging <wandb.sdk.wandb_run.Run object at 0x7fd5e555cee0> 0
1800 4064.4749166965485
In Logging <wandb.sdk.wandb_run.Run object at 0x7fd5e555cee0> 0
logging
1810 4153.001797437668
1820 4173.154068231583
1830 4193.268807888031
1840 4212.584772825241
1850 4236.712085008621
1860 4257.075407505035
1870 4277.517882347107
1880 4297.261862277985
1890 4320.884738206863
1900 4340.957018852234
1910 4361.388218164444
1920 4381.438939571381
1930 4400.823814630508
1940 4423.6247482299805
1950 4443.9983513355255
1960 4464.112708091736
1970 4484.068051815033
1980 4506.487409353256
1990 4526.562395095825
2000 4546.566680908203
2010 4566.783883333206
2020 4586.456696271896
2030 4610.251318693161
2040 4630.355093240738
2050 4650.863170862198
2060 4671.0219304561615
2070 4690.368281841278
2080 4714.5426387786865
2090 4734.179947137833
2100 Loss: 225.61
In Logging <wandb.sdk.wandb_run.Run object at 0x7fd5e555cee0> 0
2100 4757.522514104843
In Logging <wandb.sdk.wandb_run.Run object at 0x7fd5e555cee0> 0
logging
2110 4845.271821260452
2120 4868.747146129608
2130 4888.829149007797
2140 4908.579083919525
2150 4928.523171663284
2160 4948.002643108368
2170 4971.407365560532
2180 4991.4488615989685
2190 5011.745102405548
2200 5031.49436879158
2210 5054.836184978485
2220 5074.859609603882
2230 5095.220598697662
2240 5115.506366252899

2250 5135.081009626389
2260 5158.781124353409
2270 5178.800361394882
2280 5199.1712911129
2290 5219.200634241104
2300 5238.549277067184
2310 5262.518124341965
2320 5282.78955745697
2330 5302.79092168808
2340 5322.5236992836
2350 5345.708789825439
2360 5365.895374298096
2370 5385.640889167786
2380 5405.581609725952
2390 5424.879317045212
2400 Loss: 222.7
In Logging <wandb.sdk.wandb_run.Run object at 0x7fd5e555cee0> 0
2400 5451.532384157181
In Logging <wandb.sdk.wandb_run.Run object at 0x7fd5e555cee0> 0
logging
2410 5540.023361444473
2420 5560.131922960281
2430 5579.9030385017395
2440 5601.895844697952
2450 5622.2899487018585
2460 5642.629559755325
2470 5662.938011169434
2480 5682.449538707733
2490 5706.026219367981
2500 5725.5482432842255
2510 5745.278573274612
2520 5765.431339502335
2530 5784.776182174683
2540 5808.869118213654
2550 5829.197184562683
2560 5849.437828302383
2570 5868.993268728256
2580 5891.306385755539
2590 5911.307775974274
2600 5931.6584277153015
2610 5951.784969568253
2620 5971.270335197449
2630 5995.122093439102
2640 6014.853091239929
2650 6034.96094751358
2660 6054.892925262451
2670 6078.38976931572
2680 6098.397561073303
2690 6118.835124492645
2700 Loss: 220.03
In Logging <wandb.sdk.wandb_run.Run object at 0x7fd5e555cee0> 0
2700 6142.27626490593
In Logging <wandb.sdk.wandb_run.Run object at 0x7fd5e555cee0> 0
logging
2710 6229.909532546997
2720 6253.265117883682
2730 6272.757525205612
2740 6292.485262870789
2750 6312.159440040588
2760 6331.5743572711945
2770 6356.08898639679
2780 6376.11816072464
2790 6396.370032072067
2800 6416.290986061096
2810 6440.050631523132
2820 6460.28374004364
2830 6479.873814821243
2840 6499.71724319458
2850 6519.212408065796
2860 6543.218813419342
2870 6563.403867006302
2880 6583.529615402222
2890 6603.20884847641
2900 6626.567343950272
2910 6646.538588285446
2920 6666.621501684189
2930 6686.378099441528
2940 6705.823773622513
2950 6729.436433553696
2960 6749.740533828735
2970 6770.08283495903
2980 6790.466441869736
2990 6809.938821315765
3000 Loss: 217.56
In Logging <wandb.sdk.wandb_run.Run object at 0x7fd5e555cee0> 0
3000 6837.217529535294
In Logging <wandb.sdk.wandb_run.Run object at 0x7fd5e555cee0> 0
logging
3010 6902.41711640358
3020 6922.755159139633
3030 6942.533163547516
3040 6965.263063907623
3050 6985.413300991058
3060 7005.722592830658
3070 7025.466396808624
3080 7044.943947792053
3090 7068.719577550888
3100 7088.438962221146
3110 7108.5363047122955
3120 7128.542912483215
3130 7151.902805328369
3140 7172.113618373871
3150 7192.345750808716
3160 7212.460040330887
3170 7231.880405426025
3180 7255.412577867508
3190 7275.323174238205
3200 7295.432541131973
3210 7315.4243948459625
3220 7334.826828479767
3230 7358.96991276741
3240 7378.700875043869
3250 7399.103116512299
3260 7418.741150140762
3270 7441.632373094559
3280 7461.845286846161
3290 7481.8173224925995
3300 Loss: 215.58
In Logging <wandb.sdk.wandb_run.Run object at 0x7fd5e555cee0> 0
3300 7505.328341007233
In Logging <wandb.sdk.wandb_run.Run object at 0x7fd5e555cee0> 0
logging
3310 7593.235391378403
3320 7617.286180734634
3330 7637.461505174637
3340 7657.7027678489685
3350 7677.38515496254
3360 7700.767727851868
3370 7720.638037204742
3380 7740.634338617325
3390 7760.637086391449
3400 7780.273257732391
3410 7803.868106126785
3420 7824.06058549881
3430 7844.4121742248535
3440 7864.489714622498
3450 7883.963060617447
3460 7907.935140371323
3470 7927.535868644714
3480 7947.6860682964325
3490 7967.214808225632
3500 7990.776827096939
3510 8010.856860637665
3520 8031.034487247467
3530 8050.677619934082
3540 8069.92794418335
3550 8093.56493639946
3560 8113.747121334076
3570 8134.02577662468
3580 8153.68482875824
3590 8175.890793561935
3600 Loss: 213.77
In Logging <wandb.sdk.wandb_run.Run object at 0x7fd5e555cee0> 0
3600 8199.267099380493
In Logging <wandb.sdk.wandb_run.Run object at 0x7fd5e555cee0> 0
logging
3610 8287.984009742737
3620 8307.825980424881
3630 8327.182989120483
3640 8350.17430973053
3650 8370.341943025589
3660 8390.44227361679
3670 8410.336412191391
3680 8429.684661626816
3690 8453.84569144249
3700 8473.873532056808
3710 8494.139113426208
3720 8513.7531645298
3730 8536.77305817604

3740 8556.585752725601
3750 8576.996235847473
3760 8597.384814500809
3770 8616.75682258606
3780 8640.066825151443
3790 8659.7742125988
3800 8679.654547452927
3810 8699.674284696579
3820 8723.104504585266
3830 8742.934044122696
3840 8763.42864227295
3850 8783.998297691345
3860 8803.531866788864

3870 8826.894013404846
3880 8846.60428571701
3890 8866.471756696701
3900 Loss: 213.24
In Logging <wandb.sdk.wandb_run.Run object at 0x7fd5e555cee0> 0
3900 8889.854155778885
In Logging <wandb.sdk.wandb_run.Run object at 0x7fd5e555cee0> 0
logging
3910 8978.084073781967
3920 9002.204148769379
3930 9022.435686826706
3940 9042.681808710098
3950 9062.608250379562
3960 9086.474090337753
3970 9106.57259464264
3980 9126.622477769852
3990 9146.817427158356
4000 9166.243261575699
Traceback (most recent call last):
  File "/opt/conda/envs/pytorch/lib/python3.9/site-packages/torch/serialization.py", line 379, in save
    _save(obj, opened_zipfile, pickle_module, pickle_protocol)
  File "/opt/conda/envs/pytorch/lib/python3.9/site-packages/torch/serialization.py", line 604, in _save
    zip_file.write_record(name, storage.data_ptr(), num_bytes)
OSError: [Errno 28] No space left on device
During handling of the above exception, another exception occurred:
Traceback (most recent call last):
  File "/home/ec2-user/attribute_probe/clip_src/training_scripts/CLIP_text_image_concat/train_clip_text_image_concat.py", line 390, in <module>
    trainer.train()
  File "/home/ec2-user/attribute_probe/clip_src/training_scripts/trainer.py", line 107, in train
    torch.save({
  File "/opt/conda/envs/pytorch/lib/python3.9/site-packages/torch/serialization.py", line 380, in save
    return
  File "/opt/conda/envs/pytorch/lib/python3.9/site-packages/torch/serialization.py", line 259, in __exit__
    self.file_like.write_end_of_file()
RuntimeError: [enforce fail at inline_container.cc:319] . unexpected pos 719545280 vs 719545168